0 info it worked if it ends with ok
1 verbose cli [
1 verbose cli   '/home/matic/.nvm/versions/node/v16.13.1/bin/node',
1 verbose cli   '/home/matic/chainperk/node-boilerplate/node_modules/.bin/npm',
1 verbose cli   'run',
1 verbose cli   'serve'
1 verbose cli ]
2 info using npm@2.15.12
3 info using node@v16.13.1
4 verbose run-script [ 'preserve', 'serve', 'postserve' ]
5 info preserve boilerplate@1.0.0
6 info serve boilerplate@1.0.0
7 verbose unsafe-perm in lifecycle true
8 info boilerplate@1.0.0 Failed to exec serve script
9 verbose stack Error: boilerplate@1.0.0 serve: `node app.js`
9 verbose stack Exit status 1
9 verbose stack     at EventEmitter.<anonymous> (/home/matic/chainperk/node-boilerplate/node_modules/npm/lib/utils/lifecycle.js:217:16)
9 verbose stack     at EventEmitter.emit (node:events:390:28)
9 verbose stack     at ChildProcess.<anonymous> (/home/matic/chainperk/node-boilerplate/node_modules/npm/lib/utils/spawn.js:24:14)
9 verbose stack     at ChildProcess.emit (node:events:390:28)
9 verbose stack     at maybeClose (node:internal/child_process:1064:16)
9 verbose stack     at Process.ChildProcess._handle.onexit (node:internal/child_process:301:5)
10 verbose pkgid boilerplate@1.0.0
11 verbose cwd /home/matic/chainperk/node-boilerplate
12 error Linux 5.11.0-41-generic
13 error argv "/home/matic/.nvm/versions/node/v16.13.1/bin/node" "/home/matic/chainperk/node-boilerplate/node_modules/.bin/npm" "run" "serve"
14 error node v16.13.1
15 error npm  v2.15.12
16 error code ELIFECYCLE
17 error boilerplate@1.0.0 serve: `node app.js`
17 error Exit status 1
18 error Failed at the boilerplate@1.0.0 serve script 'node app.js'.
18 error This is most likely a problem with the boilerplate package,
18 error not with npm itself.
18 error Tell the author that this fails on your system:
18 error     node app.js
18 error You can get information on how to open an issue for this project with:
18 error     npm bugs boilerplate
18 error Or if that isn't available, you can get their info via:
18 error
18 error     npm owner ls boilerplate
18 error There is likely additional logging output above.
19 verbose exit [ 1, true ]
